[UPOV] [2023-01-25T07:45:46.309Z]  info: ****************** SERVER STARTED ************************
[UPOV] [2023-01-25T07:45:46.311Z]  debug: Server listening at http://127.0.0.1:3000
[UPOV] [2023-01-25T07:45:46.328Z]  debug: Wallet path for JAPAN: /home/dmalik/test/eapvp/blockchain/appAPI/wallet/JAPAN
[UPOV] [2023-01-25T07:45:46.858Z]  debug: Exiting enroll Admin Function for org : JAPAN
[UPOV] [2023-01-25T07:45:46.859Z]  debug: Successfully enrolled admin user "admin" for JAPAN and imported it into the wallet
[UPOV] [2023-01-25T07:46:07.472Z]  info: In submit user controller function
[UPOV] [2023-01-25T07:46:07.473Z]  debug: Executing submit user service
[UPOV] [2023-01-25T07:46:07.474Z]  debug:  In invoke chaincode Function for function : SubmitUser
[UPOV] [2023-01-25T07:46:07.475Z]  debug:  Wallet path: /home/dmalik/test/eapvp/blockchain/appAPI/wallet/JAPAN
[UPOV] [2023-01-25T07:46:10.523Z]  info:  Transaction has been submitted on jppvppchannel channel successfully for function : SubmitUser
[UPOV] [2023-01-25T07:46:10.531Z]  debug:  Exiting invoke chaincode Function
[UPOV] [2023-01-25T07:46:10.531Z]  info: Exiting submit user service function
[UPOV] [2023-01-25T07:46:10.531Z]  info:  Exiting submit user controller function
[UPOV] [2023-01-25T07:46:20.049Z]  info: In submit user controller function
[UPOV] [2023-01-25T07:46:20.049Z]  debug: Executing submit user service
[UPOV] [2023-01-25T07:46:20.049Z]  debug:  In invoke chaincode Function for function : SubmitUser
[UPOV] [2023-01-25T07:46:20.050Z]  debug:  Wallet path: /home/dmalik/test/eapvp/blockchain/appAPI/wallet/JAPAN
[UPOV] [2023-01-25T07:46:22.539Z]  info:  Transaction has been submitted on jppvppchannel channel successfully for function : SubmitUser
[UPOV] [2023-01-25T07:46:22.541Z]  debug:  Exiting invoke chaincode Function
[UPOV] [2023-01-25T07:46:22.541Z]  info: Exiting submit user service function
[UPOV] [2023-01-25T07:46:22.541Z]  info:  Exiting submit user controller function
[UPOV] [2023-01-25T07:46:31.291Z]  info: In submit car controller function
[UPOV] [2023-01-25T07:46:31.292Z]  info: Exiting submit car controller function with errorCode: Invalid value
[UPOV] [2023-01-25T07:46:59.073Z]  info: In submit car controller function
[UPOV] [2023-01-25T07:46:59.074Z]  debug: Executing submit user service
[UPOV] [2023-01-25T07:46:59.074Z]  debug:  In invoke chaincode Function for function : SubmitCar
[UPOV] [2023-01-25T07:46:59.075Z]  debug:  Wallet path: /home/dmalik/test/eapvp/blockchain/appAPI/wallet/JAPAN
[UPOV] [2023-01-25T07:47:01.524Z]  info:  Transaction has been submitted on jppvppchannel channel successfully for function : SubmitCar
[UPOV] [2023-01-25T07:47:01.525Z]  debug:  Exiting invoke chaincode Function
[UPOV] [2023-01-25T07:47:01.525Z]  info:  Exiting submit car controller function
[UPOV] [2023-01-25T07:47:13.760Z]  info: In submit car controller function
[UPOV] [2023-01-25T07:47:13.760Z]  debug: Executing submit user service
[UPOV] [2023-01-25T07:47:13.760Z]  debug:  In invoke chaincode Function for function : SubmitCar
[UPOV] [2023-01-25T07:47:13.761Z]  debug:  Wallet path: /home/dmalik/test/eapvp/blockchain/appAPI/wallet/JAPAN
[UPOV] [2023-01-25T07:47:16.236Z]  info:  Transaction has been submitted on jppvppchannel channel successfully for function : SubmitCar
[UPOV] [2023-01-25T07:47:16.237Z]  debug:  Exiting invoke chaincode Function
[UPOV] [2023-01-25T07:47:16.237Z]  info: Exiting submit user service function
[UPOV] [2023-01-25T07:47:16.237Z]  info:  Exiting submit car controller function
[UPOV] [2023-01-25T07:47:37.157Z]  info: In get car details controller function
[UPOV] [2023-01-25T07:47:37.158Z]  debug: Executing get Car Details service
[UPOV] [2023-01-25T07:47:37.158Z]  debug:  In query chaincode Function for function : ReadCarDetails
[UPOV] [2023-01-25T07:47:37.160Z]  debug:  Wallet path: /home/dmalik/test/eapvp/blockchain/appAPI/wallet/JAPAN
[UPOV] [2023-01-25T07:47:37.550Z]  info:  Transaction has been evaluated on jppvppchannel successfully for function : ReadCarDetails.
[UPOV] [2023-01-25T07:47:37.551Z]  debug:  Exiting query chaincode Function
[UPOV] [2023-01-25T07:47:37.551Z]  info: Exiting get Car Details service function
[UPOV] [2023-01-25T07:47:37.551Z]  info:  Exiting get car details controller function
[UPOV] [2023-01-25T07:48:20.781Z]  info: In ready to sell controller function
[UPOV] [2023-01-25T07:48:20.782Z]  debug: Executing ready to sell service
[UPOV] [2023-01-25T07:48:20.782Z]  debug:  In invoke chaincode Function for function : readyToDeliver
[UPOV] [2023-01-25T07:48:20.782Z]  debug:  Wallet path: /home/dmalik/test/eapvp/blockchain/appAPI/wallet/JAPAN
[UPOV] [2023-01-25T07:48:21.184Z]  error:  Failed to submit transaction: Error: No valid responses from any peers. Errors:
    peer=peer0.japan.eapvp.com:7051, status=500, message=Function readyToDeliver not found in contract ChainCode
[UPOV] [2023-01-25T07:48:21.185Z]  error: Error: Error: No valid responses from any peers. Errors:
    peer=peer0.japan.eapvp.com:7051, status=500, message=Function readyToDeliver not found in contract ChainCode
[UPOV] [2023-01-25T07:48:21.185Z]  error: Error: Error: Error: No valid responses from any peers. Errors:
    peer=peer0.japan.eapvp.com:7051, status=500, message=Function readyToDeliver not found in contract ChainCode
[UPOV] [2023-01-25T07:48:21.185Z]  debug: Retrying Process
[UPOV] [2023-01-25T07:48:24.186Z]  info: In ready to sell controller function
[UPOV] [2023-01-25T07:48:24.186Z]  debug: Executing ready to sell service
[UPOV] [2023-01-25T07:48:24.186Z]  debug:  In invoke chaincode Function for function : readyToDeliver
[UPOV] [2023-01-25T07:48:24.187Z]  debug:  Wallet path: /home/dmalik/test/eapvp/blockchain/appAPI/wallet/JAPAN
[UPOV] [2023-01-25T07:48:24.417Z]  error:  Failed to submit transaction: Error: No valid responses from any peers. Errors:
    peer=peer0.japan.eapvp.com:7051, status=500, message=Function readyToDeliver not found in contract ChainCode
[UPOV] [2023-01-25T07:48:24.417Z]  error: Error: Error: No valid responses from any peers. Errors:
    peer=peer0.japan.eapvp.com:7051, status=500, message=Function readyToDeliver not found in contract ChainCode
[UPOV] [2023-01-25T07:48:24.418Z]  error: Error: Error: Error: No valid responses from any peers. Errors:
    peer=peer0.japan.eapvp.com:7051, status=500, message=Function readyToDeliver not found in contract ChainCode
[UPOV] [2023-01-25T07:48:24.418Z]  debug: Retrying Process
[UPOV] [2023-01-25T07:48:27.418Z]  info: In ready to sell controller function
[UPOV] [2023-01-25T07:48:27.419Z]  debug: Executing ready to sell service
[UPOV] [2023-01-25T07:48:27.419Z]  debug:  In invoke chaincode Function for function : readyToDeliver
[UPOV] [2023-01-25T07:48:27.420Z]  debug:  Wallet path: /home/dmalik/test/eapvp/blockchain/appAPI/wallet/JAPAN
[UPOV] [2023-01-25T07:48:27.672Z]  error:  Failed to submit transaction: Error: No valid responses from any peers. Errors:
    peer=peer0.pvpp.eapvp.com:13051, status=500, message=Function readyToDeliver not found in contract ChainCode
[UPOV] [2023-01-25T07:48:27.673Z]  error: Error: Error: No valid responses from any peers. Errors:
    peer=peer0.pvpp.eapvp.com:13051, status=500, message=Function readyToDeliver not found in contract ChainCode
[UPOV] [2023-01-25T07:48:27.673Z]  error: Error: Error: Error: No valid responses from any peers. Errors:
    peer=peer0.pvpp.eapvp.com:13051, status=500, message=Function readyToDeliver not found in contract ChainCode
[UPOV] [2023-01-25T07:48:27.673Z]  error: Reached Maximum number of retries
[UPOV] [2023-01-25T07:50:50.730Z]  info: ****************** SERVER STARTED ************************
[UPOV] [2023-01-25T07:50:50.731Z]  debug: Server listening at http://127.0.0.1:3000
[UPOV] [2023-01-25T07:50:50.740Z]  debug: Wallet path for JAPAN: /home/dmalik/test/eapvp/blockchain/appAPI/wallet/JAPAN
[UPOV] [2023-01-25T07:50:50.743Z]  error: An identity for the admin user "admin" already exists in the wallet
[UPOV] [2023-01-25T07:50:54.142Z]  info: In ready to sell controller function
[UPOV] [2023-01-25T07:50:54.144Z]  debug: Executing ready to sell service
[UPOV] [2023-01-25T07:50:54.145Z]  debug:  In invoke chaincode Function for function : ReadyToDeliver
[UPOV] [2023-01-25T07:50:54.146Z]  debug:  Wallet path: /home/dmalik/test/eapvp/blockchain/appAPI/wallet/JAPAN
[UPOV] [2023-01-25T07:50:56.850Z]  info:  Transaction has been submitted on jppvppchannel channel successfully for function : ReadyToDeliver
[UPOV] [2023-01-25T07:50:56.854Z]  debug:  Exiting invoke chaincode Function
[UPOV] [2023-01-25T07:50:56.854Z]  info:  Exiting ready to sell controller function
[UPOV] [2023-01-25T07:51:03.327Z]  info: In ready to sell controller function
[UPOV] [2023-01-25T07:51:03.327Z]  debug: Executing ready to sell service
[UPOV] [2023-01-25T07:51:03.327Z]  debug:  In invoke chaincode Function for function : ReadyToDeliver
[UPOV] [2023-01-25T07:51:03.328Z]  debug:  Wallet path: /home/dmalik/test/eapvp/blockchain/appAPI/wallet/JAPAN
[UPOV] [2023-01-25T07:51:06.016Z]  info:  Transaction has been submitted on jppvppchannel channel successfully for function : ReadyToDeliver
[UPOV] [2023-01-25T07:51:06.017Z]  debug:  Exiting invoke chaincode Function
[UPOV] [2023-01-25T07:51:06.017Z]  info:  Exiting ready to sell controller function
[UPOV] [2023-01-25T07:51:19.034Z]  info: In ready to sell controller function
[UPOV] [2023-01-25T07:51:19.035Z]  debug: Executing ready to sell service
[UPOV] [2023-01-25T07:51:19.035Z]  debug:  In invoke chaincode Function for function : ReadyToDeliver
[UPOV] [2023-01-25T07:51:19.036Z]  debug:  Wallet path: /home/dmalik/test/eapvp/blockchain/appAPI/wallet/JAPAN
[UPOV] [2023-01-25T07:51:21.461Z]  info:  Transaction has been submitted on jppvppchannel channel successfully for function : ReadyToDeliver
[UPOV] [2023-01-25T07:51:21.463Z]  debug:  Exiting invoke chaincode Function
[UPOV] [2023-01-25T07:51:21.463Z]  info: Exiting ready to sell service function
[UPOV] [2023-01-25T07:51:21.463Z]  info:  Exiting ready to sell controller function
[UPOV] [2023-01-25T07:51:30.331Z]  info: In get car details controller function
[UPOV] [2023-01-25T07:51:30.331Z]  debug: Executing get Car Details service
[UPOV] [2023-01-25T07:51:30.332Z]  debug:  In query chaincode Function for function : ReadCarDetails
[UPOV] [2023-01-25T07:51:30.333Z]  debug:  Wallet path: /home/dmalik/test/eapvp/blockchain/appAPI/wallet/JAPAN
[UPOV] [2023-01-25T07:51:30.630Z]  info:  Transaction has been evaluated on jppvppchannel successfully for function : ReadCarDetails.
[UPOV] [2023-01-25T07:51:30.631Z]  debug:  Exiting query chaincode Function
[UPOV] [2023-01-25T07:51:30.631Z]  info: Exiting get Car Details service function
[UPOV] [2023-01-25T07:51:30.631Z]  info:  Exiting get car details controller function
[UPOV] [2023-01-25T07:51:50.948Z]  info: In sell car controller function
[UPOV] [2023-01-25T07:51:50.949Z]  debug: Executing sell car service
[UPOV] [2023-01-25T07:51:50.949Z]  debug:  In invoke chaincode Function for function : SellCar
[UPOV] [2023-01-25T07:51:50.949Z]  debug:  Wallet path: /home/dmalik/test/eapvp/blockchain/appAPI/wallet/JAPAN
[UPOV] [2023-01-25T07:51:53.351Z]  info:  Transaction has been submitted on jppvppchannel channel successfully for function : SellCar
[UPOV] [2023-01-25T07:51:53.352Z]  debug:  Exiting invoke chaincode Function
[UPOV] [2023-01-25T07:51:53.353Z]  info:  Exiting sell car controller function
[UPOV] [2023-01-25T07:52:08.646Z]  info: In sell car controller function
[UPOV] [2023-01-25T07:52:08.647Z]  debug: Executing sell car service
[UPOV] [2023-01-25T07:52:08.647Z]  debug:  In invoke chaincode Function for function : SellCar
[UPOV] [2023-01-25T07:52:08.648Z]  debug:  Wallet path: /home/dmalik/test/eapvp/blockchain/appAPI/wallet/JAPAN
[UPOV] [2023-01-25T07:52:11.083Z]  info:  Transaction has been submitted on jppvppchannel channel successfully for function : SellCar
[UPOV] [2023-01-25T07:52:11.084Z]  debug:  Exiting invoke chaincode Function
[UPOV] [2023-01-25T07:52:11.084Z]  info: Exiting sell car service function
[UPOV] [2023-01-25T07:52:11.085Z]  info:  Exiting sell car controller function
[UPOV] [2023-01-25T07:52:15.718Z]  info: In get car details controller function
[UPOV] [2023-01-25T07:52:15.718Z]  debug: Executing get Car Details service
[UPOV] [2023-01-25T07:52:15.718Z]  debug:  In query chaincode Function for function : ReadCarDetails
[UPOV] [2023-01-25T07:52:15.719Z]  debug:  Wallet path: /home/dmalik/test/eapvp/blockchain/appAPI/wallet/JAPAN
[UPOV] [2023-01-25T07:52:16.044Z]  info:  Transaction has been evaluated on jppvppchannel successfully for function : ReadCarDetails.
[UPOV] [2023-01-25T07:52:16.045Z]  debug:  Exiting query chaincode Function
[UPOV] [2023-01-25T07:52:16.045Z]  info: Exiting get Car Details service function
[UPOV] [2023-01-25T07:52:16.045Z]  info:  Exiting get car details controller function
